<?xml version="1.0" encoding="UTF-8"?>
<!-- Generated by org.testng.reporters.JUnitXMLReporter -->
<testsuite hostname="AMARAHMA-IN" ignored="1" name="Default test" tests="1" failures="0" timestamp="2020-07-13T13:40:22 IST" time="3.209" errors="0">
  <testcase name="getBookingDetailsWithInvalidFirstName" time="2.727" classname="withoutBDD.RequestSpec$WithRequestSpecification"/>
  <testcase name="getAllBookings" time="0.0" classname="withoutBDD.RequestSpec$WithRequestSpecification">
    <ignored/>
  </testcase> <!-- getAllBookings -->
</testsuite> <!-- Default test -->
