<?xml version="1.0" encoding="UTF-8"?>
<testng-results skipped="0" failed="0" ignored="0" total="1" passed="1">
  <reporter-output>
  </reporter-output>
  <suite name="GoogleTests" duration-ms="21316" started-at="2020-06-06T18:05:58 IST" finished-at="2020-06-06T18:06:19 IST">
    <groups>
    </groups>
    <test name="GoogleTests" duration-ms="21316" started-at="2020-06-06T18:05:58 IST" finished-at="2020-06-06T18:06:19 IST">
      <class name="testScripts.GoogleTests">
        <test-method status="PASS" signature="Setup()[pri:0, instance:testScripts.GoogleTests@6f195bc3]" name="Setup" is-config="true" duration-ms="15" started-at="2020-06-06T18:05:58 IST" finished-at="2020-06-06T18:05:58 IST">
          <reporter-output>
          </reporter-output>
        </test-method> <!-- Setup -->
        <test-method status="PASS" signature="SetupForEachTest()[pri:0, instance:testScripts.GoogleTests@6f195bc3]" name="SetupForEachTest" is-config="true" duration-ms="10" started-at="2020-06-06T18:05:58 IST" finished-at="2020-06-06T18:05:58 IST">
          <reporter-output>
          </reporter-output>
        </test-method> <!-- SetupForEachTest -->
        <test-method status="PASS" signature="SetupForEachMethod()[pri:0, instance:testScripts.GoogleTests@6f195bc3]" name="SetupForEachMethod" is-config="true" duration-ms="18563" started-at="2020-06-06T18:05:58 IST" finished-at="2020-06-06T18:06:16 IST">
          <reporter-output>
          </reporter-output>
        </test-method> <!-- SetupForEachMethod -->
        <test-method status="PASS" signature="PopularityCheck()[pri:0, instance:testScripts.GoogleTests@6f195bc3]" name="PopularityCheck" duration-ms="2671" started-at="2020-06-06T18:06:16 IST" finished-at="2020-06-06T18:06:19 IST">
          <reporter-output>
          </reporter-output>
        </test-method> <!-- PopularityCheck -->
        <test-method status="PASS" signature="Teardown()[pri:0, instance:testScripts.GoogleTests@6f195bc3]" name="Teardown" is-config="true" duration-ms="6323" started-at="2020-06-06T18:06:19 IST" finished-at="2020-06-06T18:06:26 IST">
          <reporter-output>
          </reporter-output>
        </test-method> <!-- Teardown -->
      </class> <!-- testScripts.GoogleTests -->
    </test> <!-- GoogleTests -->
  </suite> <!-- GoogleTests -->
</testng-results>
