<?xml version="1.0" encoding="UTF-8"?>
<testng-results skipped="0" failed="0" ignored="0" total="1" passed="1">
  <reporter-output>
  </reporter-output>
  <suite name="Default suite" duration-ms="4058" started-at="2020-07-12T17:58:43 IST" finished-at="2020-07-12T17:58:47 IST">
    <groups>
    </groups>
    <test name="Default test" duration-ms="4058" started-at="2020-07-12T17:58:43 IST" finished-at="2020-07-12T17:58:47 IST">
      <class name="withBDD.GetResponse">
        <test-method status="PASS" signature="validateGet()[pri:0, instance:withBDD.GetResponse@1e6d1014]" name="validateGet" duration-ms="4024" started-at="2020-07-12T17:58:43 IST" finished-at="2020-07-12T17:58:47 IST">
          <reporter-output>
          </reporter-output>
        </test-method> <!-- validateGet -->
      </class> <!-- withBDD.GetResponse -->
    </test> <!-- Default test -->
  </suite> <!-- Default suite -->
</testng-results>
