<?xml version="1.0" encoding="UTF-8"?>
<testng-results skipped="0" failed="0" ignored="0" total="2" passed="2">
  <reporter-output>
  </reporter-output>
  <suite name="Default suite" duration-ms="4361" started-at="2020-07-08T12:46:47 IST" finished-at="2020-07-08T12:46:52 IST">
    <groups>
    </groups>
    <test name="Default test" duration-ms="4361" started-at="2020-07-08T12:46:47 IST" finished-at="2020-07-08T12:46:52 IST">
      <class name="demoTests.NotepadTests">
        <test-method status="PASS" signature="setUp()[pri:0, instance:demoTests.NotepadTests@396f6598]" name="setUp" is-config="true" duration-ms="1869" started-at="2020-07-08T12:46:47 IST" finished-at="2020-07-08T12:46:49 IST">
          <reporter-output>
          </reporter-output>
        </test-method> <!-- setUp -->
        <test-method status="PASS" signature="sendText()[pri:1, instance:demoTests.NotepadTests@396f6598]" name="sendText" duration-ms="1175" started-at="2020-07-08T12:46:49 IST" finished-at="2020-07-08T12:46:50 IST">
          <reporter-output>
          </reporter-output>
        </test-method> <!-- sendText -->
        <test-method status="PASS" signature="shutDown()[pri:0, instance:demoTests.NotepadTests@396f6598]" name="shutDown" is-config="true" duration-ms="35" started-at="2020-07-08T12:46:50 IST" finished-at="2020-07-08T12:46:50 IST">
          <reporter-output>
          </reporter-output>
        </test-method> <!-- shutDown -->
        <test-method status="PASS" signature="setUp()[pri:0, instance:demoTests.NotepadTests@396f6598]" name="setUp" is-config="true" duration-ms="351" started-at="2020-07-08T12:46:50 IST" finished-at="2020-07-08T12:46:51 IST">
          <reporter-output>
          </reporter-output>
        </test-method> <!-- setUp -->
        <test-method status="PASS" signature="checkVersion()[pri:2, instance:demoTests.NotepadTests@396f6598]" name="checkVersion" duration-ms="869" started-at="2020-07-08T12:46:51 IST" finished-at="2020-07-08T12:46:51 IST">
          <reporter-output>
          </reporter-output>
        </test-method> <!-- checkVersion -->
        <test-method status="PASS" signature="shutDown()[pri:0, instance:demoTests.NotepadTests@396f6598]" name="shutDown" is-config="true" duration-ms="34" started-at="2020-07-08T12:46:51 IST" finished-at="2020-07-08T12:46:52 IST">
          <reporter-output>
          </reporter-output>
        </test-method> <!-- shutDown -->
      </class> <!-- demoTests.NotepadTests -->
    </test> <!-- Default test -->
  </suite> <!-- Default suite -->
</testng-results>
