<?xml version="1.0" encoding="UTF-8"?>
<!-- Generated by org.testng.reporters.JUnitXMLReporter -->
<testsuite hostname="AMARAHMA-IN" ignored="0" name="GoogleTests" tests="1" failures="1" timestamp="2020-06-10T11:27:11 IST" time="9.194" errors="0">
  <testcase name="PopularityCheck" time="1.561" classname="testScripts.GoogleTests">
    <failure type="java.lang.ArrayIndexOutOfBoundsException" message="1">
      <![CDATA[java.lang.ArrayIndexOutOfBoundsException: 1
at testScripts.GoogleTests.PopularityCheck(GoogleTests.java:26)
at java.util.ArrayList.forEach(ArrayList.java:1257)
... Removed 27 stack frames]]>
    </failure>
  </testcase> <!-- PopularityCheck -->
</testsuite> <!-- GoogleTests -->
