<?xml version="1.0" encoding="UTF-8"?>
<!-- Generated by org.testng.reporters.JUnitXMLReporter -->
<testsuite hostname="AMARAHMA-IN" ignored="1" name="Default test" tests="1" failures="0" timestamp="2020-07-10T08:53:33 IST" time="6.584" errors="0">
  <testcase name="checkSwap" time="3.106" classname="demoTests.CalculatorTests"/>
  <testcase name="checkMultiply" time="0.0" classname="demoTests.CalculatorTests">
    <ignored/>
  </testcase> <!-- checkMultiply -->
</testsuite> <!-- Default test -->
